  DiamondSquare.cpp
DiamondSquare.cpp(111): warning C4244: 'initializing': conversion from 'int' to 'float', possible loss of data
DiamondSquare.cpp(117): warning C4244: 'initializing': conversion from 'float' to 'int', possible loss of data
DiamondSquare.cpp(119): warning C4244: '+=': conversion from 'float' to 'int', possible loss of data
DiamondSquare.cpp(121): warning C4244: '+=': conversion from 'float' to 'int', possible loss of data
DiamondSquare.cpp(124): warning C4244: 'argument': conversion from 'float' to 'const unsigned int', possible loss of data
DiamondSquare.cpp(125): warning C4244: 'argument': conversion from 'float' to 'const unsigned int', possible loss of data
DiamondSquare.cpp(126): warning C4244: 'argument': conversion from 'float' to 'const unsigned int', possible loss of data
DiamondSquare.cpp(137): warning C4244: 'initializing': conversion from 'int' to 'float', possible loss of data
DiamondSquare.cpp(144): warning C4018: '>': signed/unsigned mismatch
DiamondSquare.cpp(177): warning C4018: '<': signed/unsigned mismatch
DiamondSquare.cpp(185): warning C4018: '<': signed/unsigned mismatch
  MapClass.cpp
MapClass.cpp(7): warning C4244: '=': conversion from 'double' to 'int', possible loss of data
MapClass.cpp(8): warning C4244: '=': conversion from 'int' to 'float', possible loss of data
MapClass.cpp(40): warning C4018: '<': signed/unsigned mismatch
  MapGeneratorClass.cpp
MapGeneratorClass.cpp(23): warning C4305: 'argument': truncation from '__int64' to 'unsigned int'
MapGeneratorClass.cpp(23): warning C4309: 'argument': truncation of constant value
  Map Terrain Generator.vcxproj -> C:\Users\callu.DESKTOP-LVUVE2B\Documents\GitHub\CPP-modular-Tool\Map Terraian Generator\/Lib/Release\Map Terrain Generator.lib
